<?xml version="1.0" encoding="UTF-8"?>
<testng-results ignored="0" total="3" passed="3" failed="0" skipped="0">
  <reporter-output>
  </reporter-output>
  <suite started-at="2023-06-10T01:16:18 CEST" name="Surefire suite" finished-at="2023-06-10T01:16:21 CEST" duration-ms="2915">
    <groups>
    </groups>
    <test started-at="2023-06-10T01:16:18 CEST" name="Surefire test" finished-at="2023-06-10T01:16:21 CEST" duration-ms="2915">
      <class name="sptify.auth.PlaylistCreationTest">
        <test-method signature="shouldFailedCreatePlaylist()" started-at="2023-06-10T01:16:18 CEST" name="shouldFailedCreatePlaylist" finished-at="2023-06-10T01:16:21 CEST" duration-ms="2401" status="PASS">
          <reporter-output>
          </reporter-output>
        </test-method> <!-- shouldFailedCreatePlaylist -->
        <test-method signature="shouldCreatePlaylist()" started-at="2023-06-10T01:16:18 CEST" name="shouldCreatePlaylist" finished-at="2023-06-10T01:16:21 CEST" duration-ms="2849" status="PASS">
          <reporter-output>
          </reporter-output>
        </test-method> <!-- shouldCreatePlaylist -->
        <test-method signature="GetPLayListID()" started-at="2023-06-10T01:16:18 CEST" name="GetPLayListID" finished-at="2023-06-10T01:16:21 CEST" duration-ms="2562" status="PASS">
          <reporter-output>
          </reporter-output>
        </test-method> <!-- GetPLayListID -->
      </class> <!-- sptify.auth.PlaylistCreationTest -->
    </test> <!-- Surefire test -->
  </suite> <!-- Surefire suite -->
</testng-results>
