<?xml version="1.0" encoding="UTF-8"?>
<testsuite xmlns:xsi="http://www.w3.org/2001/XMLSchema-instance" xsi:noNamespaceSchemaLocation="https://maven.apache.org/surefire/maven-surefire-plugin/xsd/surefire-test-report-3.0.xsd" version="3.0" name="TestSuite" time="3.837" tests="3" errors="0" skipped="0" failures="0">
  <properties>
[...]
</properties>
  <testcase name="shouldFailedCreatePlaylist on shouldFailedCreatePlaylist(sptify.auth.PlaylistCreationTest)" classname="sptify.auth.PlaylistCreationTest" time="2.392">
    <system-out><![CDATA[Request method:	POST
Request URI:	https://api.spotify.com/v1/users/31g2xrhbi4spoell5laygqv2mk5q/playlists
Proxy:			<none>
Request params:	<none>
Query params:	<none>
Form params:	<none>
Path params:	<none>
Headers:		Authorization=Bearer BQATD_7tGNm70UInr141BtvpiUUcwgfKyZ1XXYEBWZLOadi9yU_YZUenc3ufUBLn6ko7rAsZyGO4ad8v_utPMST-jzd9ce5KR0A2IfiDvAXESFoTpNZGR9LDa0moo50yOd1NXofDwPRqlgY_pO67oY2SOftU3Nk-HUCG5vUP95EYipb8He04s7FtIcqX414mXHqbIFRT6II7tQ4oncUVydeWNLmHu9j3sKI5VzDsGIhXeZKOdufWOdmumpG2tlIiT3xDPKjR9gBs7gx3
				Accept=*/*
				Content-Type=application/json;charset=utf-8
Cookies:		<none>
Multiparts:		<none>
Body:
{
    "name": "",
    "description": "New playlist description",
    "public": false
}
HTTP/1.1 400 Bad Request
content-type: application/json; charset=utf-8
cache-control: private, max-age=0
x-robots-tag: noindex, nofollow
access-control-allow-origin: *
access-control-allow-headers: Accept, App-Platform, Authorization, Content-Type, Origin, Retry-After, Spotify-App-Version, X-Cloud-Trace-Context, client-token, content-access-token
access-control-allow-methods: GET, POST, OPTIONS, PUT, DELETE, PATCH
access-control-allow-credentials: true
access-control-max-age: 604800
content-encoding: gzip
strict-transport-security: max-age=31536000
x-content-type-options: nosniff
date: Fri, 09 Jun 2023 23:16:21 GMT
server: envoy
Via: HTTP/2 edgeproxy, 1.1 google
Alt-Svc: h3=":443"; ma=2592000,h3-29=":443"; ma=2592000
Transfer-Encoding: chunked

{
    "error": {
        "status": 400,
        "message": "Missing required field: name"
    }
}
]]></system-out>
    <system-err><![CDATA[SLF4J: Failed to load class "org.slf4j.impl.StaticLoggerBinder".
SLF4J: Defaulting to no-operation (NOP) logger implementation
SLF4J: See http://www.slf4j.org/codes.html#StaticLoggerBinder for further details.
]]></system-err>
  </testcase>
  <testcase name="GetPLayListID on GetPLayListID(sptify.auth.PlaylistCreationTest)" classname="sptify.auth.PlaylistCreationTest" time="0.163">
    <system-out><![CDATA[Request method:	GET
Request URI:	https://api.spotify.com/v1/playlists/7AxVvo99twQvxA5x19jFxa
Proxy:			<none>
Request params:	<none>
Query params:	<none>
Form params:	<none>
Path params:	<none>
Headers:		Authorization=Bearer BQATD_7tGNm70UInr141BtvpiUUcwgfKyZ1XXYEBWZLOadi9yU_YZUenc3ufUBLn6ko7rAsZyGO4ad8v_utPMST-jzd9ce5KR0A2IfiDvAXESFoTpNZGR9LDa0moo50yOd1NXofDwPRqlgY_pO67oY2SOftU3Nk-HUCG5vUP95EYipb8He04s7FtIcqX414mXHqbIFRT6II7tQ4oncUVydeWNLmHu9j3sKI5VzDsGIhXeZKOdufWOdmumpG2tlIiT3xDPKjR9gBs7gx3
				Accept=*/*
				Content-Type=application/json;charset=utf-8
Cookies:		<none>
Multiparts:		<none>
Body:			<none>
HTTP/1.1 200 OK
content-type: application/json; charset=utf-8
cache-control: public, max-age=0
etag: "MC-IjYyZWE2Nzc1MDNmNGI0OTAzNzE3ZTg0M2Y4MTdhMjk4Ig=="
x-robots-tag: noindex, nofollow
access-control-allow-origin: *
access-control-allow-headers: Accept, App-Platform, Authorization, Content-Type, Origin, Retry-After, Spotify-App-Version, X-Cloud-Trace-Context, client-token, content-access-token
access-control-allow-methods: GET, POST, OPTIONS, PUT, DELETE, PATCH
access-control-allow-credentials: true
access-control-max-age: 604800
content-encoding: gzip
strict-transport-security: max-age=31536000
x-content-type-options: nosniff
date: Fri, 09 Jun 2023 23:16:22 GMT
server: envoy
Via: HTTP/2 edgeproxy, 1.1 google
Alt-Svc: h3=":443"; ma=2592000,h3-29=":443"; ma=2592000
Transfer-Encoding: chunked

{
    "collaborative": false,
    "description": "New playlist description",
    "external_urls": {
        "spotify": "https://open.spotify.com/playlist/7AxVvo99twQvxA5x19jFxa"
    },
    "followers": {
        "href": null,
        "total": 0
    },
    "href": "https://api.spotify.com/v1/playlists/7AxVvo99twQvxA5x19jFxa",
    "id": "7AxVvo99twQvxA5x19jFxa",
    "images": [
        
    ],
    "name": "New Playlist for islam5",
    "owner": {
        "display_name": "Bud2710ee",
        "external_urls": {
            "spotify": "https://open.spotify.com/user/31g2xrhbi4spoell5laygqv2mk5q"
        },
        "href": "https://api.spotify.com/v1/users/31g2xrhbi4spoell5laygqv2mk5q",
        "id": "31g2xrhbi4spoell5laygqv2mk5q",
        "type": "user",
        "uri": "spotify:user:31g2xrhbi4spoell5laygqv2mk5q"
    },
    "primary_color": null,
    "public": false,
    "snapshot_id": "MyxjZTlkNjllZWMzZjJjYTY5YWRlYTM1NzdhODdmYjk5NjJlNWNmOTRi",
    "tracks": {
        "href": "https://api.spotify.com/v1/playlists/7AxVvo99twQvxA5x19jFxa/tracks?offset=0&limit=100",
        "items": [
            
        ],
        "limit": 100,
        "next": null,
        "offset": 0,
        "previous": null,
        "total": 0
    },
    "type": "playlist",
    "uri": "spotify:playlist:7AxVvo99twQvxA5x19jFxa"
}
]]></system-out>
  </testcase>
  <testcase name="shouldCreatePlaylist on shouldCreatePlaylist(sptify.auth.PlaylistCreationTest)" classname="sptify.auth.PlaylistCreationTest" time="0.284">
    <system-out><![CDATA[Request method:	POST
Request URI:	https://api.spotify.com/v1/users/31g2xrhbi4spoell5laygqv2mk5q/playlists
Proxy:			<none>
Request params:	<none>
Query params:	<none>
Form params:	<none>
Path params:	<none>
Headers:		Authorization=Bearer BQATD_7tGNm70UInr141BtvpiUUcwgfKyZ1XXYEBWZLOadi9yU_YZUenc3ufUBLn6ko7rAsZyGO4ad8v_utPMST-jzd9ce5KR0A2IfiDvAXESFoTpNZGR9LDa0moo50yOd1NXofDwPRqlgY_pO67oY2SOftU3Nk-HUCG5vUP95EYipb8He04s7FtIcqX414mXHqbIFRT6II7tQ4oncUVydeWNLmHu9j3sKI5VzDsGIhXeZKOdufWOdmumpG2tlIiT3xDPKjR9gBs7gx3
				Accept=*/*
				Content-Type=application/json;charset=utf-8
Cookies:		<none>
Multiparts:		<none>
Body:
{
    "description": "the new list after we made the pojo class",
    "name": "the list after i created the pojo342",
    "public": false
}
HTTP/1.1 201 Created
content-type: application/json; charset=utf-8
cache-control: private, max-age=0
location: https://api.spotify.com/v1/playlists/18J1i457ERJZf7eLiU50Z0
x-robots-tag: noindex, nofollow
access-control-allow-origin: *
access-control-allow-headers: Accept, App-Platform, Authorization, Content-Type, Origin, Retry-After, Spotify-App-Version, X-Cloud-Trace-Context, client-token, content-access-token
access-control-allow-methods: GET, POST, OPTIONS, PUT, DELETE, PATCH
access-control-allow-credentials: true
access-control-max-age: 604800
content-encoding: gzip
strict-transport-security: max-age=31536000
x-content-type-options: nosniff
date: Fri, 09 Jun 2023 23:16:22 GMT
server: envoy
Via: HTTP/2 edgeproxy, 1.1 google
Alt-Svc: h3=":443"; ma=2592000,h3-29=":443"; ma=2592000
Transfer-Encoding: chunked

{
    "collaborative": false,
    "description": "the new list after we made the pojo class",
    "external_urls": {
        "spotify": "https://open.spotify.com/playlist/18J1i457ERJZf7eLiU50Z0"
    },
    "followers": {
        "href": null,
        "total": 0
    },
    "href": "https://api.spotify.com/v1/playlists/18J1i457ERJZf7eLiU50Z0",
    "id": "18J1i457ERJZf7eLiU50Z0",
    "images": [
        
    ],
    "name": "the list after i created the pojo342",
    "owner": {
        "display_name": "Bud2710ee",
        "external_urls": {
            "spotify": "https://open.spotify.com/user/31g2xrhbi4spoell5laygqv2mk5q"
        },
        "href": "https://api.spotify.com/v1/users/31g2xrhbi4spoell5laygqv2mk5q",
        "id": "31g2xrhbi4spoell5laygqv2mk5q",
        "type": "user",
        "uri": "spotify:user:31g2xrhbi4spoell5laygqv2mk5q"
    },
    "primary_color": null,
    "public": false,
    "snapshot_id": "MSw5ZTg1MzNmODhhZDNkMDAwOTZlNzJkYjQ0MzdmNDQ0ZTIwNDhiNTIy",
    "tracks": {
        "href": "https://api.spotify.com/v1/playlists/18J1i457ERJZf7eLiU50Z0/tracks",
        "items": [
            
        ],
        "limit": 100,
        "next": null,
        "offset": 0,
        "previous": null,
        "total": 0
    },
    "type": "playlist",
    "uri": "spotify:playlist:18J1i457ERJZf7eLiU50Z0"
}
]]></system-out>
  </testcase>
</testsuite>