<?xml version="1.0" encoding="UTF-8"?>
<!-- Generated by org.testng.reporters.JUnitXMLReporter -->
<testsuite ignored="0" hostname="DESKTOP-1I5MD8D" failures="0" tests="3" name="Surefire test" time="2.915" errors="0" timestamp="2023-06-10T01:16:21 CEST">
  <testcase classname="sptify.auth.PlaylistCreationTest" name="shouldFailedCreatePlaylist on shouldFailedCreatePlaylist(sptify.auth.PlaylistCreationTest)" time="2.401"/>
  <testcase classname="sptify.auth.PlaylistCreationTest" name="GetPLayListID on GetPLayListID(sptify.auth.PlaylistCreationTest)" time="2.562"/>
  <testcase classname="sptify.auth.PlaylistCreationTest" name="shouldCreatePlaylist on shouldCreatePlaylist(sptify.auth.PlaylistCreationTest)" time="2.849"/>
</testsuite> <!-- Surefire test -->
